<?xml version="1.0" encoding="UTF-8"?>
<!-- Generated by org.testng.reporters.JUnitReportReporter -->
<testsuite hostname="home" name="com.epam.tests.GmailTest" tests="2" failures="0" timestamp="8 Jul 2016 11:57:42 GMT" time="20.932" errors="0">
  <testcase name="loginTest" time="2.360" classname="com.epam.tests.GmailTest"/>
  <testcase name="composeTest" time="18.572" classname="com.epam.tests.GmailTest"/>
</testsuite> <!-- com.epam.tests.GmailTest -->
